CRITICAL - 2024-05-08 18:50:44 --> Call to a member function getJuguetePorNombre() on null
in APPPATH\Controllers\JugueteController.php on line 11.
 1 SYSTEMPATH\CodeIgniter.php(919): App\Controllers\JugueteController->getJuguetePorNombre()
 2 SYSTEMPATH\CodeIgniter.php(494): CodeIgniter\CodeIgniter->runController(Object(App\Controllers\JugueteController))
 3 SYSTEMPATH\CodeIgniter.php(353): CodeIgniter\CodeIgniter->handleRequest(null, Object(Config\Cache), false)
 4 FCPATH\index.php(79): CodeIgniter\CodeIgniter->run()
 5 SYSTEMPATH\Commands\Server\rewrite.php(47): require_once('D:\\Universidad\\TEC\\Semestre VI\\Topicos de bases de datos\\El Ternurin Jugueteria\\API_JUGUETES\\api\\public\\index.php')
CRITICAL - 2024-05-08 18:53:32 --> Call to a member function getJuguetePorNombre() on null
in APPPATH\Controllers\JugueteController.php on line 11.
 1 SYSTEMPATH\CodeIgniter.php(919): App\Controllers\JugueteController->getJuguetePorNombre()
 2 SYSTEMPATH\CodeIgniter.php(494): CodeIgniter\CodeIgniter->runController(Object(App\Controllers\JugueteController))
 3 SYSTEMPATH\CodeIgniter.php(353): CodeIgniter\CodeIgniter->handleRequest(null, Object(Config\Cache), false)
 4 FCPATH\index.php(79): CodeIgniter\CodeIgniter->run()
 5 SYSTEMPATH\Commands\Server\rewrite.php(47): require_once('D:\\Universidad\\TEC\\Semestre VI\\Topicos de bases de datos\\El Ternurin Jugueteria\\API_JUGUETES\\api\\public\\index.php')
CRITICAL - 2024-05-08 18:53:37 --> Call to a member function getJuguetePorNombre() on null
in APPPATH\Controllers\JugueteController.php on line 11.
 1 SYSTEMPATH\CodeIgniter.php(919): App\Controllers\JugueteController->getJuguetePorNombre()
 2 SYSTEMPATH\CodeIgniter.php(494): CodeIgniter\CodeIgniter->runController(Object(App\Controllers\JugueteController))
 3 SYSTEMPATH\CodeIgniter.php(353): CodeIgniter\CodeIgniter->handleRequest(null, Object(Config\Cache), false)
 4 FCPATH\index.php(79): CodeIgniter\CodeIgniter->run()
 5 SYSTEMPATH\Commands\Server\rewrite.php(47): require_once('D:\\Universidad\\TEC\\Semestre VI\\Topicos de bases de datos\\El Ternurin Jugueteria\\API_JUGUETES\\api\\public\\index.php')
CRITICAL - 2024-05-08 18:53:40 --> Call to a member function getJuguetePorNombre() on null
in APPPATH\Controllers\JugueteController.php on line 11.
 1 SYSTEMPATH\CodeIgniter.php(919): App\Controllers\JugueteController->getJuguetePorNombre()
 2 SYSTEMPATH\CodeIgniter.php(494): CodeIgniter\CodeIgniter->runController(Object(App\Controllers\JugueteController))
 3 SYSTEMPATH\CodeIgniter.php(353): CodeIgniter\CodeIgniter->handleRequest(null, Object(Config\Cache), false)
 4 FCPATH\index.php(79): CodeIgniter\CodeIgniter->run()
 5 SYSTEMPATH\Commands\Server\rewrite.php(47): require_once('D:\\Universidad\\TEC\\Semestre VI\\Topicos de bases de datos\\El Ternurin Jugueteria\\API_JUGUETES\\api\\public\\index.php')
CRITICAL - 2024-05-08 18:54:02 --> Call to a member function getJuguetePorNombre() on null
in APPPATH\Controllers\JugueteController.php on line 11.
 1 SYSTEMPATH\CodeIgniter.php(919): App\Controllers\JugueteController->getJuguetePorNombre()
 2 SYSTEMPATH\CodeIgniter.php(494): CodeIgniter\CodeIgniter->runController(Object(App\Controllers\JugueteController))
 3 SYSTEMPATH\CodeIgniter.php(353): CodeIgniter\CodeIgniter->handleRequest(null, Object(Config\Cache), false)
 4 FCPATH\index.php(79): CodeIgniter\CodeIgniter->run()
 5 SYSTEMPATH\Commands\Server\rewrite.php(47): require_once('D:\\Universidad\\TEC\\Semestre VI\\Topicos de bases de datos\\El Ternurin Jugueteria\\API_JUGUETES\\api\\public\\index.php')
CRITICAL - 2024-05-08 18:55:42 --> Call to a member function getJuguetePorNombre() on null
in APPPATH\Controllers\JugueteController.php on line 11.
 1 SYSTEMPATH\CodeIgniter.php(919): App\Controllers\JugueteController->getJuguetePorNombre()
 2 SYSTEMPATH\CodeIgniter.php(494): CodeIgniter\CodeIgniter->runController(Object(App\Controllers\JugueteController))
 3 SYSTEMPATH\CodeIgniter.php(353): CodeIgniter\CodeIgniter->handleRequest(null, Object(Config\Cache), false)
 4 FCPATH\index.php(79): CodeIgniter\CodeIgniter->run()
 5 SYSTEMPATH\Commands\Server\rewrite.php(47): require_once('D:\\Universidad\\TEC\\Semestre VI\\Topicos de bases de datos\\El Ternurin Jugueteria\\API_JUGUETES\\api\\public\\index.php')
CRITICAL - 2024-05-08 18:59:41 --> Call to a member function getCantidadJuguete() on null
in APPPATH\Controllers\JugueteController.php on line 26.
 1 SYSTEMPATH\CodeIgniter.php(919): App\Controllers\JugueteController->getCantidadJuguete()
 2 SYSTEMPATH\CodeIgniter.php(494): CodeIgniter\CodeIgniter->runController(Object(App\Controllers\JugueteController))
 3 SYSTEMPATH\CodeIgniter.php(353): CodeIgniter\CodeIgniter->handleRequest(null, Object(Config\Cache), false)
 4 FCPATH\index.php(79): CodeIgniter\CodeIgniter->run()
 5 SYSTEMPATH\Commands\Server\rewrite.php(47): require_once('D:\\Universidad\\TEC\\Semestre VI\\Topicos de bases de datos\\El Ternurin Jugueteria\\API_JUGUETES\\api\\public\\index.php')
